<?xml version="1.0" encoding="UTF-8"?>
<coverage generated="1679989726305" clover="3.2.0">
  <project timestamp="1679989726305" name="All files">
    <metrics statements="85" coveredstatements="66" conditionals="37" coveredconditionals="26" methods="14" coveredmethods="10" elements="136" coveredelements="102" complexity="0" loc="85" ncloc="85" packages="1" files="1" classes="1"/>
    <file name="elevator.ts" path="/Users/shaysheller/Desktop/coding-challenge/elevator/elevator.ts">
      <metrics statements="85" coveredstatements="66" conditionals="37" coveredconditionals="26" methods="14" coveredmethods="10"/>
      <line num="2" count="1" type="stmt"/>
      <line num="5" count="1" type="stmt"/>
      <line num="11" count="1" type="stmt"/>
      <line num="12" count="9" type="stmt"/>
      <line num="14" count="1" type="stmt"/>
      <line num="15" count="2" type="stmt"/>
      <line num="16" count="2" type="stmt"/>
      <line num="17" count="2" type="stmt"/>
      <line num="43" count="10" type="stmt"/>
      <line num="44" count="10" type="stmt"/>
      <line num="45" count="10" type="stmt"/>
      <line num="46" count="10" type="stmt"/>
      <line num="47" count="10" type="stmt"/>
      <line num="48" count="10" type="stmt"/>
      <line num="49" count="10" type="stmt"/>
      <line num="50" count="10" type="stmt"/>
      <line num="51" count="10" type="stmt"/>
      <line num="52" count="10" type="stmt"/>
      <line num="53" count="10" type="stmt"/>
      <line num="54" count="10" type="stmt"/>
      <line num="55" count="10" type="stmt"/>
      <line num="56" count="10" type="stmt"/>
      <line num="57" count="10" type="stmt"/>
      <line num="63" count="6" type="stmt"/>
      <line num="64" count="6" type="stmt"/>
      <line num="67" count="0" type="stmt"/>
      <line num="71" count="6" type="cond" truecount="2" falsecount="0"/>
      <line num="72" count="5" type="cond" truecount="0" falsecount="1"/>
      <line num="78" count="0" type="stmt"/>
      <line num="81" count="0" type="stmt"/>
      <line num="82" count="0" type="stmt"/>
      <line num="85" count="1" type="stmt"/>
      <line num="90" count="1" type="stmt"/>
      <line num="91" count="1" type="stmt"/>
      <line num="92" count="1" type="stmt"/>
      <line num="97" count="1" type="stmt"/>
      <line num="102" count="0" type="stmt"/>
      <line num="103" count="0" type="stmt"/>
      <line num="107" count="5" type="stmt"/>
      <line num="108" count="5" type="stmt"/>
      <line num="109" count="5" type="stmt"/>
      <line num="110" count="5" type="stmt"/>
      <line num="113" count="5" type="stmt"/>
      <line num="121" count="2" type="cond" truecount="2" falsecount="0"/>
      <line num="124" count="1" type="cond" truecount="0" falsecount="1"/>
      <line num="129" count="1" type="stmt"/>
      <line num="130" count="1" type="stmt"/>
      <line num="134" count="1" type="stmt"/>
      <line num="136" count="0" type="stmt"/>
      <line num="140" count="1" type="cond" truecount="1" falsecount="1"/>
      <line num="147" count="1" type="stmt"/>
      <line num="150" count="1" type="stmt"/>
      <line num="154" count="1" type="stmt"/>
      <line num="155" count="1" type="stmt"/>
      <line num="158" count="1" type="stmt"/>
      <line num="159" count="1" type="stmt"/>
      <line num="160" count="1" type="stmt"/>
      <line num="161" count="1" type="stmt"/>
      <line num="169" count="2" type="cond" truecount="3" falsecount="1"/>
      <line num="171" count="2" type="stmt"/>
      <line num="173" count="2" type="stmt"/>
      <line num="185" count="0" type="cond" truecount="0" falsecount="2"/>
      <line num="188" count="3" type="stmt"/>
      <line num="189" count="3" type="stmt"/>
      <line num="190" count="5" type="stmt"/>
      <line num="192" count="4" type="stmt"/>
      <line num="193" count="4" type="stmt"/>
      <line num="194" count="4" type="stmt"/>
      <line num="197" count="3" type="cond" truecount="1" falsecount="0"/>
      <line num="202" count="2" type="stmt"/>
      <line num="210" count="0" type="stmt"/>
      <line num="212" count="0" type="stmt"/>
      <line num="215" count="0" type="stmt"/>
      <line num="216" count="0" type="stmt"/>
      <line num="225" count="0" type="stmt"/>
      <line num="226" count="0" type="cond" truecount="0" falsecount="2"/>
      <line num="228" count="2" type="cond" truecount="1" falsecount="0"/>
      <line num="230" count="2" type="cond" truecount="1" falsecount="0"/>
      <line num="237" count="0" type="stmt"/>
      <line num="239" count="0" type="stmt"/>
      <line num="245" count="0" type="stmt"/>
      <line num="248" count="0" type="cond" truecount="0" falsecount="1"/>
      <line num="254" count="0" type="stmt"/>
      <line num="259" count="1" type="cond" truecount="3" falsecount="2"/>
      <line num="267" count="1" type="stmt"/>
    </file>
  </project>
</coverage>
