{"/Users/shaysheller/Desktop/coding-challenge/elevator/elevator.ts": {"path":"/Users/shaysheller/Desktop/coding-challenge/elevator/elevator.ts","statementMap":{"0":{"start":{"line":2,"column":0},"end":{"line":2,"column":null}},"1":{"start":{"line":5,"column":0},"end":{"line":5,"column":null}},"2":{"start":{"line":11,"column":16},"end":{"line":13,"column":1}},"3":{"start":{"line":12,"column":2},"end":{"line":12,"column":null}},"4":{"start":{"line":14,"column":13},"end":{"line":18,"column":1}},"5":{"start":{"line":15,"column":12},"end":{"line":15,"column":13}},"6":{"start":{"line":16,"column":2},"end":{"line":16,"column":null}},"7":{"start":{"line":16,"column":29},"end":{"line":16,"column":34}},"8":{"start":{"line":17,"column":2},"end":{"line":17,"column":null}},"9":{"start":{"line":43,"column":4},"end":{"line":43,"column":null}},"10":{"start":{"line":44,"column":4},"end":{"line":44,"column":null}},"11":{"start":{"line":45,"column":4},"end":{"line":45,"column":null}},"12":{"start":{"line":46,"column":4},"end":{"line":46,"column":null}},"13":{"start":{"line":47,"column":4},"end":{"line":47,"column":null}},"14":{"start":{"line":48,"column":4},"end":{"line":48,"column":null}},"15":{"start":{"line":49,"column":4},"end":{"line":49,"column":null}},"16":{"start":{"line":50,"column":4},"end":{"line":50,"column":null}},"17":{"start":{"line":51,"column":4},"end":{"line":51,"column":null}},"18":{"start":{"line":52,"column":4},"end":{"line":52,"column":null}},"19":{"start":{"line":53,"column":4},"end":{"line":53,"column":null}},"20":{"start":{"line":54,"column":4},"end":{"line":54,"column":null}},"21":{"start":{"line":55,"column":4},"end":{"line":55,"column":null}},"22":{"start":{"line":56,"column":4},"end":{"line":56,"column":null}},"23":{"start":{"line":57,"column":4},"end":{"line":57,"column":null}},"24":{"start":{"line":63,"column":4},"end":{"line":63,"column":null}},"25":{"start":{"line":64,"column":4},"end":{"line":64,"column":null}},"26":{"start":{"line":67,"column":6},"end":{"line":67,"column":null}},"27":{"start":{"line":71,"column":4},"end":{"line":72,"column":null}},"28":{"start":{"line":71,"column":32},"end":{"line":71,"column":58}},"29":{"start":{"line":72,"column":9},"end":{"line":72,"column":null}},"30":{"start":{"line":72,"column":47},"end":{"line":72,"column":null}},"31":{"start":{"line":78,"column":6},"end":{"line":78,"column":null}},"32":{"start":{"line":81,"column":6},"end":{"line":81,"column":null}},"33":{"start":{"line":82,"column":6},"end":{"line":82,"column":null}},"34":{"start":{"line":85,"column":8},"end":{"line":85,"column":null}},"35":{"start":{"line":90,"column":6},"end":{"line":90,"column":null}},"36":{"start":{"line":91,"column":6},"end":{"line":91,"column":null}},"37":{"start":{"line":92,"column":6},"end":{"line":92,"column":null}},"38":{"start":{"line":97,"column":6},"end":{"line":97,"column":null}},"39":{"start":{"line":102,"column":6},"end":{"line":102,"column":null}},"40":{"start":{"line":103,"column":6},"end":{"line":103,"column":null}},"41":{"start":{"line":107,"column":4},"end":{"line":107,"column":null}},"42":{"start":{"line":108,"column":4},"end":{"line":108,"column":null}},"43":{"start":{"line":109,"column":4},"end":{"line":109,"column":null}},"44":{"start":{"line":110,"column":4},"end":{"line":110,"column":null}},"45":{"start":{"line":113,"column":4},"end":{"line":113,"column":null}},"46":{"start":{"line":121,"column":17},"end":{"line":121,"column":110}},"47":{"start":{"line":124,"column":6},"end":{"line":124,"column":null}},"48":{"start":{"line":124,"column":57},"end":{"line":124,"column":null}},"49":{"start":{"line":129,"column":6},"end":{"line":129,"column":null}},"50":{"start":{"line":130,"column":6},"end":{"line":130,"column":null}},"51":{"start":{"line":134,"column":6},"end":{"line":134,"column":null}},"52":{"start":{"line":136,"column":6},"end":{"line":136,"column":null}},"53":{"start":{"line":140,"column":4},"end":{"line":140,"column":null}},"54":{"start":{"line":147,"column":4},"end":{"line":147,"column":null}},"55":{"start":{"line":150,"column":6},"end":{"line":150,"column":null}},"56":{"start":{"line":154,"column":6},"end":{"line":154,"column":null}},"57":{"start":{"line":155,"column":6},"end":{"line":155,"column":null}},"58":{"start":{"line":158,"column":4},"end":{"line":158,"column":null}},"59":{"start":{"line":159,"column":4},"end":{"line":159,"column":null}},"60":{"start":{"line":160,"column":4},"end":{"line":160,"column":null}},"61":{"start":{"line":161,"column":4},"end":{"line":161,"column":null}},"62":{"start":{"line":169,"column":6},"end":{"line":169,"column":null}},"63":{"start":{"line":171,"column":6},"end":{"line":171,"column":null}},"64":{"start":{"line":173,"column":6},"end":{"line":173,"column":null}},"65":{"start":{"line":185,"column":10},"end":{"line":185,"column":null}},"66":{"start":{"line":188,"column":26},"end":{"line":188,"column":94}},"67":{"start":{"line":189,"column":18},"end":{"line":189,"column":40}},"68":{"start":{"line":190,"column":29},"end":{"line":190,"column":43}},"69":{"start":{"line":192,"column":10},"end":{"line":192,"column":null}},"70":{"start":{"line":193,"column":10},"end":{"line":193,"column":null}},"71":{"start":{"line":194,"column":10},"end":{"line":194,"column":null}},"72":{"start":{"line":197,"column":6},"end":{"line":197,"column":null}},"73":{"start":{"line":197,"column":30},"end":{"line":197,"column":null}},"74":{"start":{"line":202,"column":10},"end":{"line":202,"column":null}},"75":{"start":{"line":210,"column":19},"end":{"line":210,"column":54}},"76":{"start":{"line":212,"column":6},"end":{"line":212,"column":null}},"77":{"start":{"line":215,"column":4},"end":{"line":215,"column":null}},"78":{"start":{"line":216,"column":4},"end":{"line":216,"column":null}},"79":{"start":{"line":225,"column":6},"end":{"line":225,"column":null}},"80":{"start":{"line":226,"column":6},"end":{"line":226,"column":null}},"81":{"start":{"line":228,"column":6},"end":{"line":228,"column":null}},"82":{"start":{"line":228,"column":42},"end":{"line":228,"column":null}},"83":{"start":{"line":230,"column":6},"end":{"line":230,"column":null}},"84":{"start":{"line":230,"column":42},"end":{"line":230,"column":null}},"85":{"start":{"line":237,"column":46},"end":{"line":237,"column":53}},"86":{"start":{"line":239,"column":6},"end":{"line":242,"column":null}},"87":{"start":{"line":245,"column":4},"end":{"line":245,"column":null}},"88":{"start":{"line":248,"column":4},"end":{"line":248,"column":null}},"89":{"start":{"line":248,"column":46},"end":{"line":248,"column":null}},"90":{"start":{"line":254,"column":4},"end":{"line":254,"column":null}},"91":{"start":{"line":259,"column":4},"end":{"line":262,"column":null}},"92":{"start":{"line":267,"column":0},"end":{"line":267,"column":null}}},"fnMap":{"0":{"name":"(anonymous_6)","decl":{"start":{"line":11,"column":16},"end":{"line":11,"column":27}},"loc":{"start":{"line":11,"column":31},"end":{"line":13,"column":1}}},"1":{"name":"(anonymous_7)","decl":{"start":{"line":14,"column":13},"end":{"line":14,"column":26}},"loc":{"start":{"line":14,"column":30},"end":{"line":18,"column":1}}},"2":{"name":"(anonymous_8)","decl":{"start":{"line":16,"column":19},"end":{"line":16,"column":20}},"loc":{"start":{"line":16,"column":29},"end":{"line":16,"column":34}}},"3":{"name":"(anonymous_9)","decl":{"start":{"line":42,"column":2},"end":{"line":42,"column":14}},"loc":{"start":{"line":42,"column":28},"end":{"line":58,"column":null}}},"4":{"name":"(anonymous_10)","decl":{"start":{"line":61,"column":2},"end":{"line":61,"column":6}},"loc":{"start":{"line":61,"column":6},"end":{"line":114,"column":null}}},"5":{"name":"(anonymous_11)","decl":{"start":{"line":119,"column":2},"end":{"line":119,"column":24}},"loc":{"start":{"line":119,"column":24},"end":{"line":142,"column":null}}},"6":{"name":"(anonymous_12)","decl":{"start":{"line":145,"column":2},"end":{"line":145,"column":6}},"loc":{"start":{"line":145,"column":6},"end":{"line":162,"column":null}}},"7":{"name":"(anonymous_13)","decl":{"start":{"line":166,"column":2},"end":{"line":166,"column":10}},"loc":{"start":{"line":166,"column":10},"end":{"line":176,"column":null}}},"8":{"name":"(anonymous_14)","decl":{"start":{"line":179,"column":2},"end":{"line":179,"column":9}},"loc":{"start":{"line":179,"column":9},"end":{"line":206,"column":null}}},"9":{"name":"(anonymous_15)","decl":{"start":{"line":209,"column":2},"end":{"line":209,"column":13}},"loc":{"start":{"line":209,"column":27},"end":{"line":218,"column":null}}},"10":{"name":"(anonymous_16)","decl":{"start":{"line":222,"column":2},"end":{"line":222,"column":24}},"loc":{"start":{"line":222,"column":38},"end":{"line":232,"column":null}}},"11":{"name":"(anonymous_17)","decl":{"start":{"line":235,"column":2},"end":{"line":235,"column":9}},"loc":{"start":{"line":235,"column":34},"end":{"line":250,"column":null}}},"12":{"name":"(anonymous_18)","decl":{"start":{"line":253,"column":2},"end":{"line":253,"column":13}},"loc":{"start":{"line":253,"column":13},"end":{"line":255,"column":null}}},"13":{"name":"(anonymous_19)","decl":{"start":{"line":258,"column":2},"end":{"line":258,"column":12}},"loc":{"start":{"line":258,"column":12},"end":{"line":263,"column":null}}}},"branchMap":{"0":{"loc":{"start":{"line":66,"column":7},"end":{"line":66,"column":37}},"type":"binary-expr","locations":[{"start":{"line":66,"column":7},"end":{"line":66,"column":16}},{"start":{"line":66,"column":20},"end":{"line":66,"column":37}}]},"1":{"loc":{"start":{"line":71,"column":4},"end":{"line":72,"column":null}},"type":"if","locations":[{"start":{"line":71,"column":4},"end":{"line":72,"column":null}},{"start":{"line":72,"column":9},"end":{"line":72,"column":null}}]},"2":{"loc":{"start":{"line":72,"column":9},"end":{"line":72,"column":null}},"type":"if","locations":[{"start":{"line":72,"column":9},"end":{"line":72,"column":null}}]},"3":{"loc":{"start":{"line":76,"column":7},"end":{"line":77,"column":52}},"type":"binary-expr","locations":[{"start":{"line":76,"column":7},"end":{"line":76,"column":31}},{"start":{"line":76,"column":36},"end":{"line":76,"column":66}},{"start":{"line":76,"column":70},"end":{"line":76,"column":115}},{"start":{"line":77,"column":7},"end":{"line":77,"column":52}}]},"4":{"loc":{"start":{"line":89,"column":7},"end":{"line":89,"column":72}},"type":"binary-expr","locations":[{"start":{"line":89,"column":7},"end":{"line":89,"column":37}},{"start":{"line":89,"column":41},"end":{"line":89,"column":72}}]},"5":{"loc":{"start":{"line":121,"column":17},"end":{"line":121,"column":110}},"type":"cond-expr","locations":[{"start":{"line":121,"column":49},"end":{"line":121,"column":105}},{"start":{"line":121,"column":108},"end":{"line":121,"column":110}}]},"6":{"loc":{"start":{"line":124,"column":6},"end":{"line":124,"column":null}},"type":"if","locations":[{"start":{"line":124,"column":6},"end":{"line":124,"column":null}}]},"7":{"loc":{"start":{"line":140,"column":28},"end":{"line":140,"column":80}},"type":"cond-expr","locations":[{"start":{"line":140,"column":74},"end":{"line":140,"column":75}},{"start":{"line":140,"column":78},"end":{"line":140,"column":80}}]},"8":{"loc":{"start":{"line":169,"column":39},"end":{"line":169,"column":92}},"type":"cond-expr","locations":[{"start":{"line":169,"column":86},"end":{"line":169,"column":90}},{"start":{"line":169,"column":90},"end":{"line":169,"column":92}}]},"9":{"loc":{"start":{"line":169,"column":39},"end":{"line":169,"column":90}},"type":"binary-expr","locations":[{"start":{"line":169,"column":39},"end":{"line":169,"column":90}},{"start":{"line":169,"column":86},"end":{"line":169,"column":90}}]},"10":{"loc":{"start":{"line":183,"column":9},"end":{"line":184,"column":84}},"type":"binary-expr","locations":[{"start":{"line":183,"column":9},"end":{"line":183,"column":54}},{"start":{"line":184,"column":8},"end":{"line":184,"column":84}}]},"11":{"loc":{"start":{"line":185,"column":34},"end":{"line":185,"column":70}},"type":"cond-expr","locations":[{"start":{"line":185,"column":64},"end":{"line":185,"column":66}},{"start":{"line":185,"column":69},"end":{"line":185,"column":70}}]},"12":{"loc":{"start":{"line":197,"column":6},"end":{"line":197,"column":null}},"type":"if","locations":[{"start":{"line":197,"column":6},"end":{"line":197,"column":null}}]},"13":{"loc":{"start":{"line":201,"column":9},"end":{"line":201,"column":126}},"type":"binary-expr","locations":[{"start":{"line":201,"column":9},"end":{"line":201,"column":65}},{"start":{"line":201,"column":69},"end":{"line":201,"column":126}}]},"14":{"loc":{"start":{"line":226,"column":30},"end":{"line":226,"column":64}},"type":"cond-expr","locations":[{"start":{"line":226,"column":58},"end":{"line":226,"column":59}},{"start":{"line":226,"column":62},"end":{"line":226,"column":64}}]},"15":{"loc":{"start":{"line":228,"column":6},"end":{"line":228,"column":null}},"type":"if","locations":[{"start":{"line":228,"column":6},"end":{"line":228,"column":null}}]},"16":{"loc":{"start":{"line":230,"column":6},"end":{"line":230,"column":null}},"type":"if","locations":[{"start":{"line":230,"column":6},"end":{"line":230,"column":null}}]},"17":{"loc":{"start":{"line":248,"column":4},"end":{"line":248,"column":null}},"type":"if","locations":[{"start":{"line":248,"column":4},"end":{"line":248,"column":null}}]},"18":{"loc":{"start":{"line":259,"column":12},"end":{"line":262,"column":39}},"type":"binary-expr","locations":[{"start":{"line":259,"column":12},"end":{"line":259,"column":59}},{"start":{"line":260,"column":4},"end":{"line":260,"column":38}},{"start":{"line":261,"column":4},"end":{"line":261,"column":34}},{"start":{"line":261,"column":38},"end":{"line":261,"column":69}},{"start":{"line":262,"column":7},"end":{"line":262,"column":39}}]}},"s":{"0":1,"1":1,"2":1,"3":9,"4":1,"5":2,"6":2,"7":0,"8":2,"9":10,"10":10,"11":10,"12":10,"13":10,"14":10,"15":10,"16":10,"17":10,"18":10,"19":10,"20":10,"21":10,"22":10,"23":10,"24":6,"25":6,"26":0,"27":6,"28":1,"29":5,"30":0,"31":0,"32":0,"33":0,"34":1,"35":1,"36":1,"37":1,"38":1,"39":0,"40":0,"41":5,"42":5,"43":5,"44":5,"45":5,"46":2,"47":1,"48":0,"49":1,"50":1,"51":1,"52":0,"53":1,"54":1,"55":1,"56":1,"57":1,"58":1,"59":1,"60":1,"61":1,"62":2,"63":2,"64":2,"65":0,"66":3,"67":3,"68":5,"69":4,"70":4,"71":4,"72":3,"73":2,"74":2,"75":0,"76":0,"77":0,"78":0,"79":0,"80":0,"81":2,"82":1,"83":2,"84":1,"85":0,"86":0,"87":0,"88":0,"89":0,"90":0,"91":1,"92":1},"f":{"0":9,"1":2,"2":0,"3":10,"4":6,"5":2,"6":1,"7":5,"8":5,"9":0,"10":4,"11":0,"12":0,"13":1},"b":{"0":[6,1],"1":[1,5],"2":[0],"3":[6,6,6,1],"4":[6,5],"5":[1,1],"6":[0],"7":[1,0],"8":[2,0],"9":[2,2],"10":[3,2],"11":[0,0],"12":[2],"13":[3,2],"14":[0,0],"15":[1],"16":[1],"17":[0],"18":[1,1,1,0,0]}}
}
