{"/Users/shaysheller/Desktop/coding-challenge/build/elevator.js": {"path":"/Users/shaysheller/Desktop/coding-challenge/build/elevator.js","statementMap":{"0":{"start":{"line":2,"column":22},"end":{"line":4,"column":1}},"1":{"start":{"line":3,"column":4},"end":{"line":3,"column":62}},"2":{"start":{"line":5,"column":0},"end":{"line":5,"column":62}},"3":{"start":{"line":6,"column":24},"end":{"line":6,"column":67}},"4":{"start":{"line":7,"column":20},"end":{"line":7,"column":59}},"5":{"start":{"line":8,"column":12},"end":{"line":12,"column":1}},"6":{"start":{"line":9,"column":14},"end":{"line":9,"column":15}},"7":{"start":{"line":10,"column":4},"end":{"line":10,"column":38}},"8":{"start":{"line":10,"column":31},"end":{"line":10,"column":36}},"9":{"start":{"line":11,"column":4},"end":{"line":11,"column":15}},"10":{"start":{"line":17,"column":8},"end":{"line":17,"column":29}},"11":{"start":{"line":18,"column":8},"end":{"line":18,"column":31}},"12":{"start":{"line":19,"column":8},"end":{"line":19,"column":30}},"13":{"start":{"line":20,"column":8},"end":{"line":20,"column":34}},"14":{"start":{"line":21,"column":8},"end":{"line":21,"column":37}},"15":{"start":{"line":22,"column":8},"end":{"line":22,"column":35}},"16":{"start":{"line":23,"column":8},"end":{"line":23,"column":33}},"17":{"start":{"line":24,"column":8},"end":{"line":24,"column":26}},"18":{"start":{"line":25,"column":8},"end":{"line":25,"column":31}},"19":{"start":{"line":26,"column":8},"end":{"line":26,"column":30}},"20":{"start":{"line":27,"column":8},"end":{"line":27,"column":65}},"21":{"start":{"line":28,"column":8},"end":{"line":28,"column":64}},"22":{"start":{"line":29,"column":8},"end":{"line":29,"column":40}},"23":{"start":{"line":30,"column":8},"end":{"line":30,"column":37}},"24":{"start":{"line":31,"column":8},"end":{"line":31,"column":38}},"25":{"start":{"line":32,"column":8},"end":{"line":32,"column":60}},"26":{"start":{"line":35,"column":8},"end":{"line":35,"column":41}},"27":{"start":{"line":36,"column":8},"end":{"line":38,"column":null}},"28":{"start":{"line":37,"column":12},"end":{"line":37,"column":27}},"29":{"start":{"line":40,"column":8},"end":{"line":44,"column":null}},"30":{"start":{"line":41,"column":12},"end":{"line":41,"column":73}},"31":{"start":{"line":42,"column":12},"end":{"line":42,"column":32}},"32":{"start":{"line":43,"column":12},"end":{"line":43,"column":19}},"33":{"start":{"line":45,"column":8},"end":{"line":47,"column":null}},"34":{"start":{"line":46,"column":12},"end":{"line":46,"column":70}},"35":{"start":{"line":48,"column":8},"end":{"line":48,"column":32}},"36":{"start":{"line":50,"column":8},"end":{"line":53,"column":null}},"37":{"start":{"line":51,"column":12},"end":{"line":51,"column":55}},"38":{"start":{"line":52,"column":12},"end":{"line":52,"column":34}},"39":{"start":{"line":55,"column":8},"end":{"line":55,"column":24}},"40":{"start":{"line":56,"column":8},"end":{"line":56,"column":23}},"41":{"start":{"line":57,"column":8},"end":{"line":62,"column":null}},"42":{"start":{"line":58,"column":12},"end":{"line":58,"column":55}},"43":{"start":{"line":61,"column":12},"end":{"line":61,"column":53}},"44":{"start":{"line":66,"column":18},"end":{"line":66,"column":46}},"45":{"start":{"line":67,"column":18},"end":{"line":67,"column":46}},"46":{"start":{"line":69,"column":8},"end":{"line":75,"column":null}},"47":{"start":{"line":70,"column":12},"end":{"line":73,"column":65}},"48":{"start":{"line":71,"column":16},"end":{"line":71,"column":50}},"49":{"start":{"line":72,"column":17},"end":{"line":73,"column":65}},"50":{"start":{"line":73,"column":16},"end":{"line":73,"column":65}},"51":{"start":{"line":74,"column":12},"end":{"line":74,"column":61}},"52":{"start":{"line":76,"column":8},"end":{"line":79,"column":null}},"53":{"start":{"line":77,"column":12},"end":{"line":77,"column":41}},"54":{"start":{"line":78,"column":12},"end":{"line":78,"column":19}},"55":{"start":{"line":80,"column":8},"end":{"line":85,"column":null}},"56":{"start":{"line":81,"column":12},"end":{"line":81,"column":42}},"57":{"start":{"line":83,"column":13},"end":{"line":85,"column":null}},"58":{"start":{"line":84,"column":12},"end":{"line":84,"column":42}},"59":{"start":{"line":86,"column":8},"end":{"line":86,"column":85}},"60":{"start":{"line":90,"column":8},"end":{"line":90,"column":31}},"61":{"start":{"line":91,"column":8},"end":{"line":93,"column":null}},"62":{"start":{"line":92,"column":12},"end":{"line":92,"column":91}},"63":{"start":{"line":94,"column":8},"end":{"line":97,"column":null}},"64":{"start":{"line":95,"column":12},"end":{"line":95,"column":72}},"65":{"start":{"line":96,"column":12},"end":{"line":96,"column":91}},"66":{"start":{"line":98,"column":8},"end":{"line":98,"column":38}},"67":{"start":{"line":99,"column":8},"end":{"line":99,"column":37}},"68":{"start":{"line":100,"column":8},"end":{"line":102,"column":null}},"69":{"start":{"line":101,"column":12},"end":{"line":101,"column":36}},"70":{"start":{"line":103,"column":8},"end":{"line":103,"column":49}},"71":{"start":{"line":109,"column":8},"end":{"line":113,"column":null}},"72":{"start":{"line":110,"column":12},"end":{"line":110,"column":141}},"73":{"start":{"line":111,"column":12},"end":{"line":111,"column":64}},"74":{"start":{"line":112,"column":12},"end":{"line":112,"column":63}},"75":{"start":{"line":117,"column":8},"end":{"line":138,"column":null}},"76":{"start":{"line":119,"column":12},"end":{"line":122,"column":null}},"77":{"start":{"line":121,"column":16},"end":{"line":121,"column":77}},"78":{"start":{"line":123,"column":32},"end":{"line":123,"column":105}},"79":{"start":{"line":124,"column":12},"end":{"line":131,"column":null}},"80":{"start":{"line":124,"column":25},"end":{"line":124,"column":47}},"81":{"start":{"line":125,"column":37},"end":{"line":125,"column":51}},"82":{"start":{"line":126,"column":16},"end":{"line":130,"column":null}},"83":{"start":{"line":127,"column":20},"end":{"line":127,"column":65}},"84":{"start":{"line":128,"column":20},"end":{"line":128,"column":38}},"85":{"start":{"line":129,"column":20},"end":{"line":129,"column":57}},"86":{"start":{"line":132,"column":12},"end":{"line":133,"column":95}},"87":{"start":{"line":133,"column":16},"end":{"line":133,"column":95}},"88":{"start":{"line":135,"column":12},"end":{"line":137,"column":null}},"89":{"start":{"line":136,"column":16},"end":{"line":136,"column":66}},"90":{"start":{"line":142,"column":8},"end":{"line":142,"column":71}},"91":{"start":{"line":143,"column":8},"end":{"line":144,"column":19}},"92":{"start":{"line":144,"column":12},"end":{"line":144,"column":19}},"93":{"start":{"line":145,"column":23},"end":{"line":145,"column":57}},"94":{"start":{"line":146,"column":8},"end":{"line":148,"column":null}},"95":{"start":{"line":147,"column":12},"end":{"line":147,"column":52}},"96":{"start":{"line":149,"column":8},"end":{"line":149,"column":61}},"97":{"start":{"line":153,"column":52},"end":{"line":153,"column":59}},"98":{"start":{"line":154,"column":8},"end":{"line":159,"column":null}},"99":{"start":{"line":155,"column":12},"end":{"line":158,"column":15}},"100":{"start":{"line":160,"column":8},"end":{"line":160,"column":78}},"101":{"start":{"line":161,"column":8},"end":{"line":161,"column":78}},"102":{"start":{"line":165,"column":8},"end":{"line":165,"column":25}},"103":{"start":{"line":169,"column":8},"end":{"line":172,"column":49}},"104":{"start":{"line":175,"column":0},"end":{"line":175,"column":27}}},"fnMap":{"0":{"name":"(anonymous_0)","decl":{"start":{"line":2,"column":56},"end":{"line":2,"column":66}},"loc":{"start":{"line":2,"column":69},"end":{"line":4,"column":1}}},"1":{"name":"(anonymous_1)","decl":{"start":{"line":8,"column":12},"end":{"line":8,"column":13}},"loc":{"start":{"line":8,"column":20},"end":{"line":12,"column":1}}},"2":{"name":"(anonymous_2)","decl":{"start":{"line":10,"column":21},"end":{"line":10,"column":22}},"loc":{"start":{"line":10,"column":31},"end":{"line":10,"column":36}}},"3":{"name":"(anonymous_3)","decl":{"start":{"line":16,"column":4},"end":{"line":16,"column":16}},"loc":{"start":{"line":16,"column":22},"end":{"line":33,"column":5}}},"4":{"name":"(anonymous_4)","decl":{"start":{"line":34,"column":4},"end":{"line":34,"column":8}},"loc":{"start":{"line":34,"column":8},"end":{"line":63,"column":5}}},"5":{"name":"(anonymous_5)","decl":{"start":{"line":65,"column":4},"end":{"line":65,"column":20}},"loc":{"start":{"line":65,"column":20},"end":{"line":87,"column":5}}},"6":{"name":"(anonymous_6)","decl":{"start":{"line":89,"column":4},"end":{"line":89,"column":16}},"loc":{"start":{"line":89,"column":16},"end":{"line":104,"column":5}}},"7":{"name":"(anonymous_7)","decl":{"start":{"line":107,"column":4},"end":{"line":107,"column":12}},"loc":{"start":{"line":107,"column":12},"end":{"line":114,"column":5}}},"8":{"name":"(anonymous_8)","decl":{"start":{"line":116,"column":4},"end":{"line":116,"column":11}},"loc":{"start":{"line":116,"column":11},"end":{"line":139,"column":5}}},"9":{"name":"(anonymous_9)","decl":{"start":{"line":141,"column":4},"end":{"line":141,"column":15}},"loc":{"start":{"line":141,"column":21},"end":{"line":150,"column":5}}},"10":{"name":"(anonymous_10)","decl":{"start":{"line":152,"column":4},"end":{"line":152,"column":11}},"loc":{"start":{"line":152,"column":19},"end":{"line":162,"column":5}}},"11":{"name":"(anonymous_11)","decl":{"start":{"line":164,"column":4},"end":{"line":164,"column":15}},"loc":{"start":{"line":164,"column":15},"end":{"line":166,"column":5}}},"12":{"name":"(anonymous_12)","decl":{"start":{"line":168,"column":4},"end":{"line":168,"column":14}},"loc":{"start":{"line":168,"column":14},"end":{"line":173,"column":5}}}},"branchMap":{"0":{"loc":{"start":{"line":2,"column":22},"end":{"line":4,"column":1}},"type":"binary-expr","locations":[{"start":{"line":2,"column":23},"end":{"line":2,"column":27}},{"start":{"line":2,"column":31},"end":{"line":2,"column":51}},{"start":{"line":2,"column":56},"end":{"line":4,"column":1}}]},"1":{"loc":{"start":{"line":3,"column":11},"end":{"line":3,"column":61}},"type":"cond-expr","locations":[{"start":{"line":3,"column":37},"end":{"line":3,"column":40}},{"start":{"line":3,"column":43},"end":{"line":3,"column":61}}]},"2":{"loc":{"start":{"line":3,"column":12},"end":{"line":3,"column":33}},"type":"binary-expr","locations":[{"start":{"line":3,"column":12},"end":{"line":3,"column":15}},{"start":{"line":3,"column":19},"end":{"line":3,"column":33}}]},"3":{"loc":{"start":{"line":36,"column":8},"end":{"line":38,"column":null}},"type":"if","locations":[{"start":{"line":36,"column":8},"end":{"line":38,"column":null}}]},"4":{"loc":{"start":{"line":36,"column":12},"end":{"line":36,"column":42}},"type":"binary-expr","locations":[{"start":{"line":36,"column":12},"end":{"line":36,"column":21}},{"start":{"line":36,"column":25},"end":{"line":36,"column":42}}]},"5":{"loc":{"start":{"line":40,"column":8},"end":{"line":44,"column":null}},"type":"if","locations":[{"start":{"line":40,"column":8},"end":{"line":44,"column":null}}]},"6":{"loc":{"start":{"line":40,"column":12},"end":{"line":40,"column":77}},"type":"binary-expr","locations":[{"start":{"line":40,"column":12},"end":{"line":40,"column":42}},{"start":{"line":40,"column":46},"end":{"line":40,"column":77}}]},"7":{"loc":{"start":{"line":45,"column":8},"end":{"line":47,"column":null}},"type":"if","locations":[{"start":{"line":45,"column":8},"end":{"line":47,"column":null}}]},"8":{"loc":{"start":{"line":50,"column":8},"end":{"line":53,"column":null}},"type":"if","locations":[{"start":{"line":50,"column":8},"end":{"line":53,"column":null}}]},"9":{"loc":{"start":{"line":57,"column":8},"end":{"line":62,"column":null}},"type":"if","locations":[{"start":{"line":57,"column":8},"end":{"line":62,"column":null}},{"start":{"line":60,"column":13},"end":{"line":62,"column":null}}]},"10":{"loc":{"start":{"line":69,"column":8},"end":{"line":75,"column":null}},"type":"if","locations":[{"start":{"line":69,"column":8},"end":{"line":75,"column":null}}]},"11":{"loc":{"start":{"line":70,"column":12},"end":{"line":73,"column":65}},"type":"if","locations":[{"start":{"line":70,"column":12},"end":{"line":73,"column":65}},{"start":{"line":72,"column":17},"end":{"line":73,"column":65}}]},"12":{"loc":{"start":{"line":72,"column":17},"end":{"line":73,"column":65}},"type":"if","locations":[{"start":{"line":72,"column":17},"end":{"line":73,"column":65}}]},"13":{"loc":{"start":{"line":76,"column":8},"end":{"line":79,"column":null}},"type":"if","locations":[{"start":{"line":76,"column":8},"end":{"line":79,"column":null}}]},"14":{"loc":{"start":{"line":76,"column":12},"end":{"line":76,"column":36}},"type":"binary-expr","locations":[{"start":{"line":76,"column":12},"end":{"line":76,"column":22}},{"start":{"line":76,"column":26},"end":{"line":76,"column":36}}]},"15":{"loc":{"start":{"line":80,"column":8},"end":{"line":85,"column":null}},"type":"if","locations":[{"start":{"line":80,"column":8},"end":{"line":85,"column":null}},{"start":{"line":83,"column":13},"end":{"line":85,"column":null}}]},"16":{"loc":{"start":{"line":83,"column":13},"end":{"line":85,"column":null}},"type":"if","locations":[{"start":{"line":83,"column":13},"end":{"line":85,"column":null}}]},"17":{"loc":{"start":{"line":86,"column":32},"end":{"line":86,"column":84}},"type":"cond-expr","locations":[{"start":{"line":86,"column":78},"end":{"line":86,"column":79}},{"start":{"line":86,"column":82},"end":{"line":86,"column":84}}]},"18":{"loc":{"start":{"line":91,"column":8},"end":{"line":93,"column":null}},"type":"if","locations":[{"start":{"line":91,"column":8},"end":{"line":93,"column":null}}]},"19":{"loc":{"start":{"line":94,"column":8},"end":{"line":97,"column":null}},"type":"if","locations":[{"start":{"line":94,"column":8},"end":{"line":97,"column":null}}]},"20":{"loc":{"start":{"line":100,"column":8},"end":{"line":102,"column":null}},"type":"if","locations":[{"start":{"line":100,"column":8},"end":{"line":102,"column":null}}]},"21":{"loc":{"start":{"line":109,"column":8},"end":{"line":113,"column":null}},"type":"if","locations":[{"start":{"line":109,"column":8},"end":{"line":113,"column":null}}]},"22":{"loc":{"start":{"line":110,"column":45},"end":{"line":110,"column":139}},"type":"cond-expr","locations":[{"start":{"line":110,"column":132},"end":{"line":110,"column":134}},{"start":{"line":110,"column":137},"end":{"line":110,"column":139}}]},"23":{"loc":{"start":{"line":110,"column":45},"end":{"line":110,"column":129}},"type":"binary-expr","locations":[{"start":{"line":110,"column":45},"end":{"line":110,"column":112}},{"start":{"line":110,"column":116},"end":{"line":110,"column":129}}]},"24":{"loc":{"start":{"line":117,"column":8},"end":{"line":138,"column":null}},"type":"if","locations":[{"start":{"line":117,"column":8},"end":{"line":138,"column":null}}]},"25":{"loc":{"start":{"line":119,"column":12},"end":{"line":122,"column":null}},"type":"if","locations":[{"start":{"line":119,"column":12},"end":{"line":122,"column":null}}]},"26":{"loc":{"start":{"line":119,"column":16},"end":{"line":120,"column":97}},"type":"binary-expr","locations":[{"start":{"line":119,"column":16},"end":{"line":119,"column":61}},{"start":{"line":120,"column":16},"end":{"line":120,"column":97}}]},"27":{"loc":{"start":{"line":121,"column":40},"end":{"line":121,"column":76}},"type":"cond-expr","locations":[{"start":{"line":121,"column":70},"end":{"line":121,"column":72}},{"start":{"line":121,"column":75},"end":{"line":121,"column":76}}]},"28":{"loc":{"start":{"line":126,"column":16},"end":{"line":130,"column":null}},"type":"if","locations":[{"start":{"line":126,"column":16},"end":{"line":130,"column":null}}]},"29":{"loc":{"start":{"line":132,"column":12},"end":{"line":133,"column":95}},"type":"if","locations":[{"start":{"line":132,"column":12},"end":{"line":133,"column":95}}]},"30":{"loc":{"start":{"line":135,"column":12},"end":{"line":137,"column":null}},"type":"if","locations":[{"start":{"line":135,"column":12},"end":{"line":137,"column":null}}]},"31":{"loc":{"start":{"line":135,"column":16},"end":{"line":135,"column":143}},"type":"binary-expr","locations":[{"start":{"line":135,"column":16},"end":{"line":135,"column":77}},{"start":{"line":135,"column":81},"end":{"line":135,"column":143}}]},"32":{"loc":{"start":{"line":143,"column":8},"end":{"line":144,"column":19}},"type":"if","locations":[{"start":{"line":143,"column":8},"end":{"line":144,"column":19}}]},"33":{"loc":{"start":{"line":146,"column":8},"end":{"line":148,"column":null}},"type":"if","locations":[{"start":{"line":146,"column":8},"end":{"line":148,"column":null}}]},"34":{"loc":{"start":{"line":154,"column":8},"end":{"line":159,"column":null}},"type":"if","locations":[{"start":{"line":154,"column":8},"end":{"line":159,"column":null}}]},"35":{"loc":{"start":{"line":169,"column":16},"end":{"line":172,"column":47}},"type":"binary-expr","locations":[{"start":{"line":169,"column":16},"end":{"line":169,"column":49}},{"start":{"line":170,"column":12},"end":{"line":170,"column":46}},{"start":{"line":171,"column":12},"end":{"line":171,"column":46}},{"start":{"line":171,"column":50},"end":{"line":171,"column":81}},{"start":{"line":172,"column":15},"end":{"line":172,"column":47}}]}},"s":{"0":1,"1":2,"2":1,"3":1,"4":1,"5":1,"6":0,"7":0,"8":0,"9":0,"10":1,"11":1,"12":1,"13":1,"14":1,"15":1,"16":1,"17":1,"18":1,"19":1,"20":1,"21":1,"22":1,"23":1,"24":1,"25":1,"26":0,"27":0,"28":0,"29":0,"30":0,"31":0,"32":0,"33":0,"34":0,"35":0,"36":0,"37":0,"38":0,"39":0,"40":0,"41":0,"42":0,"43":0,"44":0,"45":0,"46":0,"47":0,"48":0,"49":0,"50":0,"51":0,"52":0,"53":0,"54":0,"55":0,"56":0,"57":0,"58":0,"59":0,"60":0,"61":0,"62":0,"63":0,"64":0,"65":0,"66":0,"67":0,"68":0,"69":0,"70":0,"71":0,"72":0,"73":0,"74":0,"75":0,"76":0,"77":0,"78":0,"79":0,"80":0,"81":0,"82":0,"83":0,"84":0,"85":0,"86":0,"87":0,"88":0,"89":0,"90":0,"91":0,"92":0,"93":0,"94":0,"95":0,"96":0,"97":0,"98":0,"99":0,"100":0,"101":0,"102":0,"103":0,"104":1},"f":{"0":2,"1":0,"2":0,"3":1,"4":0,"5":0,"6":0,"7":0,"8":0,"9":0,"10":0,"11":0,"12":0},"b":{"0":[1,1,1],"1":[2,0],"2":[2,2],"3":[0],"4":[0,0],"5":[0],"6":[0,0],"7":[0],"8":[0],"9":[0,0],"10":[0],"11":[0,0],"12":[0],"13":[0],"14":[0,0],"15":[0,0],"16":[0],"17":[0,0],"18":[0],"19":[0],"20":[0],"21":[0],"22":[0,0],"23":[0,0],"24":[0],"25":[0],"26":[0,0],"27":[0,0],"28":[0],"29":[0],"30":[0],"31":[0,0],"32":[0],"33":[0],"34":[0],"35":[0,0,0,0,0]}}
,"/Users/shaysheller/Desktop/coding-challenge/build/output.js": {"path":"/Users/shaysheller/Desktop/coding-challenge/build/output.js","statementMap":{"0":{"start":{"line":2,"column":22},"end":{"line":12,"column":3}},"1":{"start":{"line":3,"column":4},"end":{"line":3,"column":33}},"2":{"start":{"line":3,"column":26},"end":{"line":3,"column":33}},"3":{"start":{"line":4,"column":15},"end":{"line":4,"column":52}},"4":{"start":{"line":5,"column":4},"end":{"line":7,"column":null}},"5":{"start":{"line":6,"column":6},"end":{"line":6,"column":68}},"6":{"start":{"line":6,"column":51},"end":{"line":6,"column":63}},"7":{"start":{"line":8,"column":4},"end":{"line":8,"column":39}},"8":{"start":{"line":10,"column":4},"end":{"line":10,"column":33}},"9":{"start":{"line":10,"column":26},"end":{"line":10,"column":33}},"10":{"start":{"line":11,"column":4},"end":{"line":11,"column":17}},"11":{"start":{"line":13,"column":25},"end":{"line":17,"column":2}},"12":{"start":{"line":14,"column":4},"end":{"line":14,"column":72}},"13":{"start":{"line":16,"column":4},"end":{"line":16,"column":21}},"14":{"start":{"line":18,"column":19},"end":{"line":24,"column":1}},"15":{"start":{"line":19,"column":4},"end":{"line":19,"column":42}},"16":{"start":{"line":19,"column":31},"end":{"line":19,"column":42}},"17":{"start":{"line":20,"column":17},"end":{"line":20,"column":19}},"18":{"start":{"line":21,"column":4},"end":{"line":21,"column":141}},"19":{"start":{"line":21,"column":21},"end":{"line":21,"column":141}},"20":{"start":{"line":21,"column":40},"end":{"line":21,"column":141}},"21":{"start":{"line":21,"column":109},"end":{"line":21,"column":141}},"22":{"start":{"line":22,"column":4},"end":{"line":22,"column":36}},"23":{"start":{"line":23,"column":4},"end":{"line":23,"column":18}},"24":{"start":{"line":25,"column":0},"end":{"line":25,"column":62}},"25":{"start":{"line":27,"column":11},"end":{"line":27,"column":38}},"26":{"start":{"line":29,"column":11},"end":{"line":29,"column":38}},"27":{"start":{"line":32,"column":8},"end":{"line":32,"column":39}},"28":{"start":{"line":35,"column":21},"end":{"line":35,"column":31}},"29":{"start":{"line":36,"column":22},"end":{"line":36,"column":37}},"30":{"start":{"line":37,"column":24},"end":{"line":37,"column":41}},"31":{"start":{"line":38,"column":24},"end":{"line":38,"column":41}},"32":{"start":{"line":39,"column":29},"end":{"line":39,"column":70}},"33":{"start":{"line":40,"column":8},"end":{"line":40,"column":70}},"34":{"start":{"line":43,"column":0},"end":{"line":43,"column":25}}},"fnMap":{"0":{"name":"(anonymous_0)","decl":{"start":{"line":2,"column":74},"end":{"line":2,"column":83}},"loc":{"start":{"line":2,"column":94},"end":{"line":9,"column":1}}},"1":{"name":"(anonymous_1)","decl":{"start":{"line":6,"column":38},"end":{"line":6,"column":51}},"loc":{"start":{"line":6,"column":38},"end":{"line":6,"column":65}}},"2":{"name":"(anonymous_2)","decl":{"start":{"line":9,"column":6},"end":{"line":9,"column":15}},"loc":{"start":{"line":9,"column":26},"end":{"line":12,"column":1}}},"3":{"name":"(anonymous_3)","decl":{"start":{"line":13,"column":80},"end":{"line":13,"column":89}},"loc":{"start":{"line":13,"column":93},"end":{"line":15,"column":1}}},"4":{"name":"(anonymous_4)","decl":{"start":{"line":15,"column":5},"end":{"line":15,"column":14}},"loc":{"start":{"line":15,"column":18},"end":{"line":17,"column":1}}},"5":{"name":"(anonymous_5)","decl":{"start":{"line":18,"column":50},"end":{"line":18,"column":60}},"loc":{"start":{"line":18,"column":63},"end":{"line":24,"column":1}}},"6":{"name":"(anonymous_6)","decl":{"start":{"line":31,"column":4},"end":{"line":31,"column":16}},"loc":{"start":{"line":31,"column":24},"end":{"line":33,"column":5}}},"7":{"name":"(anonymous_7)","decl":{"start":{"line":34,"column":4},"end":{"line":34,"column":10}},"loc":{"start":{"line":34,"column":14},"end":{"line":41,"column":5}}}},"branchMap":{"0":{"loc":{"start":{"line":2,"column":22},"end":{"line":12,"column":3}},"type":"binary-expr","locations":[{"start":{"line":2,"column":23},"end":{"line":2,"column":27}},{"start":{"line":2,"column":31},"end":{"line":2,"column":51}},{"start":{"line":2,"column":57},"end":{"line":12,"column":2}}]},"1":{"loc":{"start":{"line":2,"column":57},"end":{"line":12,"column":2}},"type":"cond-expr","locations":[{"start":{"line":2,"column":74},"end":{"line":9,"column":1}},{"start":{"line":9,"column":6},"end":{"line":12,"column":1}}]},"2":{"loc":{"start":{"line":3,"column":4},"end":{"line":3,"column":33}},"type":"if","locations":[{"start":{"line":3,"column":4},"end":{"line":3,"column":33}}]},"3":{"loc":{"start":{"line":5,"column":4},"end":{"line":7,"column":null}},"type":"if","locations":[{"start":{"line":5,"column":4},"end":{"line":7,"column":null}}]},"4":{"loc":{"start":{"line":5,"column":8},"end":{"line":5,"column":85}},"type":"binary-expr","locations":[{"start":{"line":5,"column":8},"end":{"line":5,"column":13}},{"start":{"line":5,"column":18},"end":{"line":5,"column":84}}]},"5":{"loc":{"start":{"line":5,"column":18},"end":{"line":5,"column":84}},"type":"cond-expr","locations":[{"start":{"line":5,"column":34},"end":{"line":5,"column":47}},{"start":{"line":5,"column":50},"end":{"line":5,"column":84}}]},"6":{"loc":{"start":{"line":5,"column":50},"end":{"line":5,"column":84}},"type":"binary-expr","locations":[{"start":{"line":5,"column":50},"end":{"line":5,"column":63}},{"start":{"line":5,"column":67},"end":{"line":5,"column":84}}]},"7":{"loc":{"start":{"line":10,"column":4},"end":{"line":10,"column":33}},"type":"if","locations":[{"start":{"line":10,"column":4},"end":{"line":10,"column":33}}]},"8":{"loc":{"start":{"line":13,"column":25},"end":{"line":17,"column":2}},"type":"binary-expr","locations":[{"start":{"line":13,"column":26},"end":{"line":13,"column":30}},{"start":{"line":13,"column":34},"end":{"line":13,"column":57}},{"start":{"line":13,"column":63},"end":{"line":17,"column":1}}]},"9":{"loc":{"start":{"line":13,"column":63},"end":{"line":17,"column":1}},"type":"cond-expr","locations":[{"start":{"line":13,"column":80},"end":{"line":15,"column":1}},{"start":{"line":15,"column":5},"end":{"line":17,"column":1}}]},"10":{"loc":{"start":{"line":18,"column":19},"end":{"line":24,"column":1}},"type":"binary-expr","locations":[{"start":{"line":18,"column":20},"end":{"line":18,"column":24}},{"start":{"line":18,"column":28},"end":{"line":18,"column":45}},{"start":{"line":18,"column":50},"end":{"line":24,"column":1}}]},"11":{"loc":{"start":{"line":19,"column":4},"end":{"line":19,"column":42}},"type":"if","locations":[{"start":{"line":19,"column":4},"end":{"line":19,"column":42}}]},"12":{"loc":{"start":{"line":19,"column":8},"end":{"line":19,"column":29}},"type":"binary-expr","locations":[{"start":{"line":19,"column":8},"end":{"line":19,"column":11}},{"start":{"line":19,"column":15},"end":{"line":19,"column":29}}]},"13":{"loc":{"start":{"line":21,"column":4},"end":{"line":21,"column":141}},"type":"if","locations":[{"start":{"line":21,"column":4},"end":{"line":21,"column":141}}]},"14":{"loc":{"start":{"line":21,"column":40},"end":{"line":21,"column":141}},"type":"if","locations":[{"start":{"line":21,"column":40},"end":{"line":21,"column":141}}]},"15":{"loc":{"start":{"line":21,"column":44},"end":{"line":21,"column":107}},"type":"binary-expr","locations":[{"start":{"line":21,"column":44},"end":{"line":21,"column":59}},{"start":{"line":21,"column":63},"end":{"line":21,"column":107}}]}},"s":{"0":1,"1":122,"2":122,"3":122,"4":122,"5":116,"6":0,"7":122,"8":0,"9":0,"10":0,"11":1,"12":2,"13":0,"14":1,"15":2,"16":0,"17":2,"18":2,"19":2,"20":122,"21":122,"22":2,"23":2,"24":1,"25":1,"26":1,"27":1,"28":0,"29":0,"30":0,"31":0,"32":0,"33":0,"34":1},"f":{"0":122,"1":0,"2":0,"3":2,"4":0,"5":2,"6":1,"7":0},"b":{"0":[1,1,1],"1":[1,0],"2":[122],"3":[116],"4":[122,122],"5":[5,117],"6":[117,8],"7":[0],"8":[1,1,1],"9":[1,0],"10":[1,1,1],"11":[0],"12":[2,2],"13":[2],"14":[122],"15":[122,122]}}
,"/Users/shaysheller/Desktop/coding-challenge/build/requestMap.js": {"path":"/Users/shaysheller/Desktop/coding-challenge/build/requestMap.js","statementMap":{"0":{"start":{"line":4,"column":0},"end":{"line":4,"column":62}},"1":{"start":{"line":7,"column":8},"end":{"line":7,"column":29}},"2":{"start":{"line":8,"column":8},"end":{"line":8,"column":22}},"3":{"start":{"line":9,"column":8},"end":{"line":9,"column":22}},"4":{"start":{"line":12,"column":8},"end":{"line":12,"column":33}},"5":{"start":{"line":13,"column":8},"end":{"line":16,"column":null}},"6":{"start":{"line":14,"column":12},"end":{"line":14,"column":27}},"7":{"start":{"line":15,"column":12},"end":{"line":15,"column":27}},"8":{"start":{"line":17,"column":8},"end":{"line":18,"column":27}},"9":{"start":{"line":18,"column":12},"end":{"line":18,"column":27}},"10":{"start":{"line":19,"column":8},"end":{"line":20,"column":27}},"11":{"start":{"line":20,"column":12},"end":{"line":20,"column":27}},"12":{"start":{"line":23,"column":8},"end":{"line":23,"column":29}},"13":{"start":{"line":24,"column":8},"end":{"line":25,"column":26}},"14":{"start":{"line":25,"column":12},"end":{"line":25,"column":26}},"15":{"start":{"line":26,"column":8},"end":{"line":27,"column":26}},"16":{"start":{"line":27,"column":12},"end":{"line":27,"column":26}},"17":{"start":{"line":30,"column":8},"end":{"line":33,"column":null}},"18":{"start":{"line":31,"column":12},"end":{"line":31,"column":26}},"19":{"start":{"line":32,"column":12},"end":{"line":32,"column":19}},"20":{"start":{"line":34,"column":8},"end":{"line":34,"column":60}},"21":{"start":{"line":37,"column":8},"end":{"line":40,"column":null}},"22":{"start":{"line":38,"column":12},"end":{"line":38,"column":26}},"23":{"start":{"line":39,"column":12},"end":{"line":39,"column":19}},"24":{"start":{"line":41,"column":8},"end":{"line":41,"column":60}},"25":{"start":{"line":44,"column":0},"end":{"line":44,"column":29}}},"fnMap":{"0":{"name":"(anonymous_0)","decl":{"start":{"line":6,"column":4},"end":{"line":6,"column":null}},"loc":{"start":{"line":6,"column":4},"end":{"line":10,"column":5}}},"1":{"name":"(anonymous_1)","decl":{"start":{"line":11,"column":4},"end":{"line":11,"column":7}},"loc":{"start":{"line":11,"column":18},"end":{"line":21,"column":5}}},"2":{"name":"(anonymous_2)","decl":{"start":{"line":22,"column":4},"end":{"line":22,"column":10}},"loc":{"start":{"line":22,"column":14},"end":{"line":28,"column":5}}},"3":{"name":"(anonymous_3)","decl":{"start":{"line":29,"column":4},"end":{"line":29,"column":10}},"loc":{"start":{"line":29,"column":10},"end":{"line":35,"column":5}}},"4":{"name":"(anonymous_4)","decl":{"start":{"line":36,"column":4},"end":{"line":36,"column":10}},"loc":{"start":{"line":36,"column":10},"end":{"line":42,"column":5}}}},"branchMap":{"0":{"loc":{"start":{"line":13,"column":8},"end":{"line":16,"column":null}},"type":"if","locations":[{"start":{"line":13,"column":8},"end":{"line":16,"column":null}}]},"1":{"loc":{"start":{"line":17,"column":8},"end":{"line":18,"column":27}},"type":"if","locations":[{"start":{"line":17,"column":8},"end":{"line":18,"column":27}}]},"2":{"loc":{"start":{"line":19,"column":8},"end":{"line":20,"column":27}},"type":"if","locations":[{"start":{"line":19,"column":8},"end":{"line":20,"column":27}}]},"3":{"loc":{"start":{"line":19,"column":12},"end":{"line":19,"column":45}},"type":"binary-expr","locations":[{"start":{"line":19,"column":12},"end":{"line":19,"column":26}},{"start":{"line":19,"column":30},"end":{"line":19,"column":45}}]},"4":{"loc":{"start":{"line":24,"column":8},"end":{"line":25,"column":26}},"type":"if","locations":[{"start":{"line":24,"column":8},"end":{"line":25,"column":26}}]},"5":{"loc":{"start":{"line":26,"column":8},"end":{"line":27,"column":26}},"type":"if","locations":[{"start":{"line":26,"column":8},"end":{"line":27,"column":26}}]},"6":{"loc":{"start":{"line":30,"column":8},"end":{"line":33,"column":null}},"type":"if","locations":[{"start":{"line":30,"column":8},"end":{"line":33,"column":null}}]},"7":{"loc":{"start":{"line":37,"column":8},"end":{"line":40,"column":null}},"type":"if","locations":[{"start":{"line":37,"column":8},"end":{"line":40,"column":null}}]}},"s":{"0":2,"1":8,"2":8,"3":8,"4":9,"5":9,"6":0,"7":0,"8":9,"9":8,"10":9,"11":6,"12":3,"13":3,"14":2,"15":3,"16":2,"17":2,"18":1,"19":1,"20":1,"21":2,"22":1,"23":1,"24":1,"25":2},"f":{"0":8,"1":9,"2":3,"3":2,"4":2},"b":{"0":[0],"1":[8],"2":[6],"3":[9,8],"4":[2],"5":[2],"6":[1],"7":[1]}}
}
