TN:
SF:build/elevator.js
FN:2,(anonymous_0)
FN:8,(anonymous_1)
FN:10,(anonymous_2)
FN:16,(anonymous_3)
FN:34,(anonymous_4)
FN:65,(anonymous_5)
FN:89,(anonymous_6)
FN:107,(anonymous_7)
FN:116,(anonymous_8)
FN:141,(anonymous_9)
FN:152,(anonymous_10)
FN:164,(anonymous_11)
FN:168,(anonymous_12)
FNF:13
FNH:2
FNDA:2,(anonymous_0)
FNDA:0,(anonymous_1)
FNDA:0,(anonymous_2)
FNDA:1,(anonymous_3)
FNDA:0,(anonymous_4)
FNDA:0,(anonymous_5)
FNDA:0,(anonymous_6)
FNDA:0,(anonymous_7)
FNDA:0,(anonymous_8)
FNDA:0,(anonymous_9)
FNDA:0,(anonymous_10)
FNDA:0,(anonymous_11)
FNDA:0,(anonymous_12)
DA:2,1
DA:3,2
DA:5,1
DA:6,1
DA:7,1
DA:8,1
DA:9,0
DA:10,0
DA:11,0
DA:17,1
DA:18,1
DA:19,1
DA:20,1
DA:21,1
DA:22,1
DA:23,1
DA:24,1
DA:25,1
DA:26,1
DA:27,1
DA:28,1
DA:29,1
DA:30,1
DA:31,1
DA:32,1
DA:35,0
DA:36,0
DA:37,0
DA:40,0
DA:41,0
DA:42,0
DA:43,0
DA:45,0
DA:46,0
DA:48,0
DA:50,0
DA:51,0
DA:52,0
DA:55,0
DA:56,0
DA:57,0
DA:58,0
DA:61,0
DA:66,0
DA:67,0
DA:69,0
DA:70,0
DA:71,0
DA:72,0
DA:73,0
DA:74,0
DA:76,0
DA:77,0
DA:78,0
DA:80,0
DA:81,0
DA:83,0
DA:84,0
DA:86,0
DA:90,0
DA:91,0
DA:92,0
DA:94,0
DA:95,0
DA:96,0
DA:98,0
DA:99,0
DA:100,0
DA:101,0
DA:103,0
DA:109,0
DA:110,0
DA:111,0
DA:112,0
DA:117,0
DA:119,0
DA:121,0
DA:123,0
DA:124,0
DA:125,0
DA:126,0
DA:127,0
DA:128,0
DA:129,0
DA:132,0
DA:133,0
DA:135,0
DA:136,0
DA:142,0
DA:143,0
DA:144,0
DA:145,0
DA:146,0
DA:147,0
DA:149,0
DA:153,0
DA:154,0
DA:155,0
DA:160,0
DA:161,0
DA:165,0
DA:169,0
DA:175,1
LF:103
LH:23
BRDA:2,0,0,1
BRDA:2,0,1,1
BRDA:2,0,2,1
BRDA:3,1,0,2
BRDA:3,1,1,0
BRDA:3,2,0,2
BRDA:3,2,1,2
BRDA:36,3,0,0
BRDA:36,4,0,0
BRDA:36,4,1,0
BRDA:40,5,0,0
BRDA:40,6,0,0
BRDA:40,6,1,0
BRDA:45,7,0,0
BRDA:50,8,0,0
BRDA:57,9,0,0
BRDA:57,9,1,0
BRDA:69,10,0,0
BRDA:70,11,0,0
BRDA:70,11,1,0
BRDA:72,12,0,0
BRDA:76,13,0,0
BRDA:76,14,0,0
BRDA:76,14,1,0
BRDA:80,15,0,0
BRDA:80,15,1,0
BRDA:83,16,0,0
BRDA:86,17,0,0
BRDA:86,17,1,0
BRDA:91,18,0,0
BRDA:94,19,0,0
BRDA:100,20,0,0
BRDA:109,21,0,0
BRDA:110,22,0,0
BRDA:110,22,1,0
BRDA:110,23,0,0
BRDA:110,23,1,0
BRDA:117,24,0,0
BRDA:119,25,0,0
BRDA:119,26,0,0
BRDA:119,26,1,0
BRDA:121,27,0,0
BRDA:121,27,1,0
BRDA:126,28,0,0
BRDA:132,29,0,0
BRDA:135,30,0,0
BRDA:135,31,0,0
BRDA:135,31,1,0
BRDA:143,32,0,0
BRDA:146,33,0,0
BRDA:154,34,0,0
BRDA:169,35,0,0
BRDA:169,35,1,0
BRDA:169,35,2,0
BRDA:169,35,3,0
BRDA:169,35,4,0
BRF:56
BRH:6
end_of_record
TN:
SF:build/output.js
FN:2,(anonymous_0)
FN:6,(anonymous_1)
FN:9,(anonymous_2)
FN:13,(anonymous_3)
FN:15,(anonymous_4)
FN:18,(anonymous_5)
FN:31,(anonymous_6)
FN:34,(anonymous_7)
FNF:8
FNH:4
FNDA:122,(anonymous_0)
FNDA:0,(anonymous_1)
FNDA:0,(anonymous_2)
FNDA:2,(anonymous_3)
FNDA:0,(anonymous_4)
FNDA:2,(anonymous_5)
FNDA:1,(anonymous_6)
FNDA:0,(anonymous_7)
DA:2,1
DA:3,122
DA:4,122
DA:5,122
DA:6,116
DA:8,122
DA:10,0
DA:11,0
DA:13,1
DA:14,2
DA:16,0
DA:18,1
DA:19,2
DA:20,2
DA:21,122
DA:22,2
DA:23,2
DA:25,1
DA:27,1
DA:29,1
DA:32,1
DA:35,0
DA:36,0
DA:37,0
DA:38,0
DA:39,0
DA:40,0
DA:43,1
LF:28
LH:19
BRDA:2,0,0,1
BRDA:2,0,1,1
BRDA:2,0,2,1
BRDA:2,1,0,1
BRDA:2,1,1,0
BRDA:3,2,0,122
BRDA:5,3,0,116
BRDA:5,4,0,122
BRDA:5,4,1,122
BRDA:5,5,0,5
BRDA:5,5,1,117
BRDA:5,6,0,117
BRDA:5,6,1,8
BRDA:10,7,0,0
BRDA:13,8,0,1
BRDA:13,8,1,1
BRDA:13,8,2,1
BRDA:13,9,0,1
BRDA:13,9,1,0
BRDA:18,10,0,1
BRDA:18,10,1,1
BRDA:18,10,2,1
BRDA:19,11,0,0
BRDA:19,12,0,2
BRDA:19,12,1,2
BRDA:21,13,0,2
BRDA:21,14,0,122
BRDA:21,15,0,122
BRDA:21,15,1,122
BRF:29
BRH:25
end_of_record
TN:
SF:build/requestMap.js
FN:6,(anonymous_0)
FN:11,(anonymous_1)
FN:22,(anonymous_2)
FN:29,(anonymous_3)
FN:36,(anonymous_4)
FNF:5
FNH:5
FNDA:8,(anonymous_0)
FNDA:9,(anonymous_1)
FNDA:3,(anonymous_2)
FNDA:2,(anonymous_3)
FNDA:2,(anonymous_4)
DA:4,2
DA:7,8
DA:8,8
DA:9,8
DA:12,9
DA:13,9
DA:14,0
DA:15,0
DA:17,9
DA:18,8
DA:19,9
DA:20,6
DA:23,3
DA:24,3
DA:25,2
DA:26,3
DA:27,2
DA:30,2
DA:31,1
DA:32,1
DA:34,1
DA:37,2
DA:38,1
DA:39,1
DA:41,1
DA:44,2
LF:26
LH:24
BRDA:13,0,0,0
BRDA:17,1,0,8
BRDA:19,2,0,6
BRDA:19,3,0,9
BRDA:19,3,1,8
BRDA:24,4,0,2
BRDA:26,5,0,2
BRDA:30,6,0,1
BRDA:37,7,0,1
BRF:9
BRH:8
end_of_record
