TN:
SF:elevator/elevator.ts
FN:11,(anonymous_6)
FN:14,(anonymous_7)
FN:16,(anonymous_8)
FN:42,(anonymous_9)
FN:61,(anonymous_10)
FN:119,(anonymous_11)
FN:145,(anonymous_12)
FN:166,(anonymous_13)
FN:179,(anonymous_14)
FN:209,(anonymous_15)
FN:222,(anonymous_16)
FN:235,(anonymous_17)
FN:253,(anonymous_18)
FN:258,(anonymous_19)
FNF:14
FNH:10
FNDA:9,(anonymous_6)
FNDA:2,(anonymous_7)
FNDA:0,(anonymous_8)
FNDA:10,(anonymous_9)
FNDA:6,(anonymous_10)
FNDA:2,(anonymous_11)
FNDA:1,(anonymous_12)
FNDA:5,(anonymous_13)
FNDA:5,(anonymous_14)
FNDA:0,(anonymous_15)
FNDA:4,(anonymous_16)
FNDA:0,(anonymous_17)
FNDA:0,(anonymous_18)
FNDA:1,(anonymous_19)
DA:2,1
DA:5,1
DA:11,1
DA:12,9
DA:14,1
DA:15,2
DA:16,2
DA:17,2
DA:43,10
DA:44,10
DA:45,10
DA:46,10
DA:47,10
DA:48,10
DA:49,10
DA:50,10
DA:51,10
DA:52,10
DA:53,10
DA:54,10
DA:55,10
DA:56,10
DA:57,10
DA:63,6
DA:64,6
DA:67,0
DA:71,6
DA:72,5
DA:78,0
DA:81,0
DA:82,0
DA:85,1
DA:90,1
DA:91,1
DA:92,1
DA:97,1
DA:102,0
DA:103,0
DA:107,5
DA:108,5
DA:109,5
DA:110,5
DA:113,5
DA:121,2
DA:124,1
DA:129,1
DA:130,1
DA:134,1
DA:136,0
DA:140,1
DA:147,1
DA:150,1
DA:154,1
DA:155,1
DA:158,1
DA:159,1
DA:160,1
DA:161,1
DA:169,2
DA:171,2
DA:173,2
DA:185,0
DA:188,3
DA:189,3
DA:190,5
DA:192,4
DA:193,4
DA:194,4
DA:197,3
DA:202,2
DA:210,0
DA:212,0
DA:215,0
DA:216,0
DA:225,0
DA:226,0
DA:228,2
DA:230,2
DA:237,0
DA:239,0
DA:245,0
DA:248,0
DA:254,0
DA:259,1
DA:267,1
LF:85
LH:66
BRDA:66,0,0,6
BRDA:66,0,1,1
BRDA:71,1,0,1
BRDA:71,1,1,5
BRDA:72,2,0,0
BRDA:76,3,0,6
BRDA:76,3,1,6
BRDA:76,3,2,6
BRDA:76,3,3,1
BRDA:89,4,0,6
BRDA:89,4,1,5
BRDA:121,5,0,1
BRDA:121,5,1,1
BRDA:124,6,0,0
BRDA:140,7,0,1
BRDA:140,7,1,0
BRDA:169,8,0,2
BRDA:169,8,1,0
BRDA:169,9,0,2
BRDA:169,9,1,2
BRDA:183,10,0,3
BRDA:183,10,1,2
BRDA:185,11,0,0
BRDA:185,11,1,0
BRDA:197,12,0,2
BRDA:201,13,0,3
BRDA:201,13,1,2
BRDA:226,14,0,0
BRDA:226,14,1,0
BRDA:228,15,0,1
BRDA:230,16,0,1
BRDA:248,17,0,0
BRDA:259,18,0,1
BRDA:259,18,1,1
BRDA:259,18,2,1
BRDA:259,18,3,0
BRDA:259,18,4,0
BRF:37
BRH:26
end_of_record
